e:\arbeit_forschungszentrum\dxf3\libdxfrw-master\vs2013\x64\debug\libdxfrw.pdb
e:\arbeit_forschungszentrum\dxf3\libdxfrw-master\vs2013\x64\debug\libdxfrw.idb
e:\arbeit_forschungszentrum\dxf3\libdxfrw-master\vs2013\x64\debug\libdxfrw.obj
e:\arbeit_forschungszentrum\dxf3\libdxfrw-master\vs2013\x64\debug\libdwgr.obj
e:\arbeit_forschungszentrum\dxf3\libdxfrw-master\vs2013\x64\debug\rscodec.obj
e:\arbeit_forschungszentrum\dxf3\libdxfrw-master\vs2013\x64\debug\dxfwriter.obj
e:\arbeit_forschungszentrum\dxf3\libdxfrw-master\vs2013\x64\debug\dxfreader.obj
e:\arbeit_forschungszentrum\dxf3\libdxfrw-master\vs2013\x64\debug\dwgutil.obj
e:\arbeit_forschungszentrum\dxf3\libdxfrw-master\vs2013\x64\debug\dwgreader27.obj
e:\arbeit_forschungszentrum\dxf3\libdxfrw-master\vs2013\x64\debug\dwgreader24.obj
e:\arbeit_forschungszentrum\dxf3\libdxfrw-master\vs2013\x64\debug\dwgreader21.obj
e:\arbeit_forschungszentrum\dxf3\libdxfrw-master\vs2013\x64\debug\dwgreader18.obj
e:\arbeit_forschungszentrum\dxf3\libdxfrw-master\vs2013\x64\debug\dwgreader15.obj
e:\arbeit_forschungszentrum\dxf3\libdxfrw-master\vs2013\x64\debug\dwgreader.obj
e:\arbeit_forschungszentrum\dxf3\libdxfrw-master\vs2013\x64\debug\dwgbuffer.obj
e:\arbeit_forschungszentrum\dxf3\libdxfrw-master\vs2013\x64\debug\drw_textcodec.obj
e:\arbeit_forschungszentrum\dxf3\libdxfrw-master\vs2013\x64\debug\drw_dbg.obj
e:\arbeit_forschungszentrum\dxf3\libdxfrw-master\vs2013\x64\debug\drw_objects.obj
e:\arbeit_forschungszentrum\dxf3\libdxfrw-master\vs2013\x64\debug\drw_header.obj
e:\arbeit_forschungszentrum\dxf3\libdxfrw-master\vs2013\x64\debug\drw_entities.obj
e:\arbeit_forschungszentrum\dxf3\libdxfrw-master\vs2013\x64\debug\drw_classes.obj
e:\arbeit_forschungszentrum\dxf3\libdxfrw-master\vs2013\x64\debug\libdxfrw.lib
e:\arbeit_forschungszentrum\dxf3\libdxfrw-master\vs2013\x64\debug\libdxfrw.tlog\cl.command.1.tlog
e:\arbeit_forschungszentrum\dxf3\libdxfrw-master\vs2013\x64\debug\libdxfrw.tlog\cl.read.1.tlog
e:\arbeit_forschungszentrum\dxf3\libdxfrw-master\vs2013\x64\debug\libdxfrw.tlog\cl.write.1.tlog
e:\arbeit_forschungszentrum\dxf3\libdxfrw-master\vs2013\x64\debug\libdxfrw.tlog\lib-link.read.1.tlog
e:\arbeit_forschungszentrum\dxf3\libdxfrw-master\vs2013\x64\debug\libdxfrw.tlog\lib-link.write.1.tlog
e:\arbeit_forschungszentrum\dxf3\libdxfrw-master\vs2013\x64\debug\libdxfrw.tlog\lib.command.1.tlog
