e:\arbeit_forschungszentrum\dxf3\libdxfrw-master\vs2013\x64\release\libdxfrw.pdb
e:\arbeit_forschungszentrum\dxf3\libdxfrw-master\vs2013\x64\release\libdxfrw.obj
e:\arbeit_forschungszentrum\dxf3\libdxfrw-master\vs2013\x64\release\libdwgr.obj
e:\arbeit_forschungszentrum\dxf3\libdxfrw-master\vs2013\x64\release\rscodec.obj
e:\arbeit_forschungszentrum\dxf3\libdxfrw-master\vs2013\x64\release\dxfwriter.obj
e:\arbeit_forschungszentrum\dxf3\libdxfrw-master\vs2013\x64\release\dxfreader.obj
e:\arbeit_forschungszentrum\dxf3\libdxfrw-master\vs2013\x64\release\dwgutil.obj
e:\arbeit_forschungszentrum\dxf3\libdxfrw-master\vs2013\x64\release\dwgreader27.obj
e:\arbeit_forschungszentrum\dxf3\libdxfrw-master\vs2013\x64\release\dwgreader24.obj
e:\arbeit_forschungszentrum\dxf3\libdxfrw-master\vs2013\x64\release\dwgreader21.obj
e:\arbeit_forschungszentrum\dxf3\libdxfrw-master\vs2013\x64\release\dwgreader18.obj
e:\arbeit_forschungszentrum\dxf3\libdxfrw-master\vs2013\x64\release\dwgreader15.obj
e:\arbeit_forschungszentrum\dxf3\libdxfrw-master\vs2013\x64\release\dwgreader.obj
e:\arbeit_forschungszentrum\dxf3\libdxfrw-master\vs2013\x64\release\dwgbuffer.obj
e:\arbeit_forschungszentrum\dxf3\libdxfrw-master\vs2013\x64\release\drw_textcodec.obj
e:\arbeit_forschungszentrum\dxf3\libdxfrw-master\vs2013\x64\release\drw_dbg.obj
e:\arbeit_forschungszentrum\dxf3\libdxfrw-master\vs2013\x64\release\drw_objects.obj
e:\arbeit_forschungszentrum\dxf3\libdxfrw-master\vs2013\x64\release\drw_header.obj
e:\arbeit_forschungszentrum\dxf3\libdxfrw-master\vs2013\x64\release\drw_entities.obj
e:\arbeit_forschungszentrum\dxf3\libdxfrw-master\vs2013\x64\release\drw_classes.obj
e:\arbeit_forschungszentrum\dxf3\libdxfrw-master\vs2013\x64\release\libdxfrw.lib
e:\arbeit_forschungszentrum\dxf3\libdxfrw-master\vs2013\x64\release\libdxfrw.tlog\cl.command.1.tlog
e:\arbeit_forschungszentrum\dxf3\libdxfrw-master\vs2013\x64\release\libdxfrw.tlog\cl.read.1.tlog
e:\arbeit_forschungszentrum\dxf3\libdxfrw-master\vs2013\x64\release\libdxfrw.tlog\cl.write.1.tlog
e:\arbeit_forschungszentrum\dxf3\libdxfrw-master\vs2013\x64\release\libdxfrw.tlog\lib-link.read.1.tlog
e:\arbeit_forschungszentrum\dxf3\libdxfrw-master\vs2013\x64\release\libdxfrw.tlog\lib-link.write.1.tlog
e:\arbeit_forschungszentrum\dxf3\libdxfrw-master\vs2013\x64\release\libdxfrw.tlog\lib.command.1.tlog
